This is pdfTeX, Version 3.141592653-2.6-1.40.22 (TeX Live 2021) (preloaded format=pdflatex 2021.6.23)  2 JUL 2021 13:18
entering extended mode
 restricted \write18 enabled.
 file:line:error style messages enabled.
 %&-line parsing enabled.
**/Users/hongliu/Desktop/FLOW_canopy/FLOW_canopy.tex
(/Users/hongliu/Desktop/FLOW_canopy/FLOW_canopy.tex
LaTeX2e <2021-06-01> patch level 1
L3 programming layer <2021-06-18> (./FLO_v1.cls
Document Class: FLO_v1 2020/11/12 v0.1: template for CUP DTM articles
(/usr/local/texlive/2021/texmf-dist/tex/latex/base/article.cls
Document Class: article 2021/02/12 v1.4n Standard LaTeX document class
(/usr/local/texlive/2021/texmf-dist/tex/latex/base/fleqn.clo
File: fleqn.clo 2016/12/29 v1.2b Standard LaTeX option (flush left equations)
\mathindent=\skip47
Applying: [2015/01/01] Make \[ robust on input line 50.
LaTeX Info: Redefining \[ on input line 51.
Already applied: [0000/00/00] Make \[ robust on input line 62.
Applying: [2015/01/01] Make \] robust on input line 74.
LaTeX Info: Redefining \] on input line 75.
Already applied: [0000/00/00] Make \] robust on input line 83.
) (/usr/local/texlive/2021/texmf-dist/tex/latex/base/size10.clo
File: size10.clo 2021/02/12 v1.4n Standard LaTeX file (size option)
)
\c@part=\count182
\c@section=\count183
\c@subsection=\count184
\c@subsubsection=\count185
\c@paragraph=\count186
\c@subparagraph=\count187
\c@figure=\count188
\c@table=\count189
\abovecaptionskip=\skip48
\belowcaptionskip=\skip49
\bibindent=\dimen138
) (/usr/local/texlive/2021/texmf-dist/tex/latex/url/url.sty
\Urlmuskip=\muskip16
Package: url 2013/09/16  ver 3.4  Verb mode for urls, etc.
) (/usr/local/texlive/2021/texmf-dist/tex/generic/soul/soul.sty
Package: soul 2003/11/17 v2.4 letterspacing/underlining (mf)
\SOUL@word=\toks16
\SOUL@lasttoken=\toks17
\SOUL@cmds=\toks18
\SOUL@buffer=\toks19
\SOUL@token=\toks20
\SOUL@spaceskip=\skip50
\SOUL@ttwidth=\dimen139
\SOUL@uldp=\dimen140
\SOUL@ulht=\dimen141
) (/usr/local/texlive/2021/texmf-dist/tex/latex/base/fontenc.sty
Package: fontenc 2021/04/29 v2.0v Standard LaTeX package
) (/usr/local/texlive/2021/texmf-dist/tex/latex/xcolor/xcolor.sty
Package: xcolor 2016/05/11 v2.12 LaTeX color extensions (UK)
 (/usr/local/texlive/2021/texmf-dist/tex/latex/graphics-cfg/color.cfg
File: color.cfg 2016/01/02 v1.6 sample color configuration
)
Package xcolor Info: Driver file: pdftex.def on input line 225.
 (/usr/local/texlive/2021/texmf-dist/tex/latex/graphics-def/pdftex.def
File: pdftex.def 2020/10/05 v1.2a Graphics/color driver for pdftex
)
Package xcolor Info: Model `cmy' substituted by `cmy0' on input line 1348.
Package xcolor Info: Model `hsb' substituted by `rgb' on input line 1352.
Package xcolor Info: Model `RGB' extended on input line 1364.
Package xcolor Info: Model `HTML' substituted by `rgb' on input line 1366.
Package xcolor Info: Model `Hsb' substituted by `hsb' on input line 1367.
Package xcolor Info: Model `tHsb' substituted by `hsb' on input line 1368.
Package xcolor Info: Model `HSB' substituted by `hsb' on input line 1369.
Package xcolor Info: Model `Gray' substituted by `gray' on input line 1370.
Package xcolor Info: Model `wave' substituted by `hsb' on input line 1371.
)
LaTeX Info: Redefining \rm on input line 126.
LaTeX Info: Redefining \sf on input line 127.
LaTeX Info: Redefining \tt on input line 128.
LaTeX Info: Redefining \bf on input line 129.
LaTeX Info: Redefining \it on input line 130.
LaTeX Info: Redefining \sl on input line 131.
LaTeX Info: Redefining \sc on input line 132.
LaTeX Info: Redefining \cal on input line 133.
LaTeX Info: Redefining \mit on input line 134.
LaTeX Info: Redefining \textsubscript on input line 189.
 (/usr/local/texlive/2021/texmf-dist/tex/latex/geometry/geometry.sty
Package: geometry 2020/01/02 v5.9 Page Geometry
 (/usr/local/texlive/2021/texmf-dist/tex/latex/graphics/keyval.sty
Package: keyval 2014/10/28 v1.15 key=value parser (DPC)
\KV@toks@=\toks21
) (/usr/local/texlive/2021/texmf-dist/tex/generic/iftex/ifvtex.sty
Package: ifvtex 2019/10/25 v1.7 ifvtex legacy package. Use iftex instead.
 (/usr/local/texlive/2021/texmf-dist/tex/generic/iftex/iftex.sty
Package: iftex 2020/03/06 v1.0d TeX engine tests
))
\Gm@cnth=\count190
\Gm@cntv=\count191
\c@Gm@tempcnt=\count192
\Gm@bindingoffset=\dimen142
\Gm@wd@mp=\dimen143
\Gm@odd@mp=\dimen144
\Gm@even@mp=\dimen145
\Gm@layoutwidth=\dimen146
\Gm@layoutheight=\dimen147
\Gm@layouthoffset=\dimen148
\Gm@layoutvoffset=\dimen149
\Gm@dimlist=\toks22
) (/usr/local/texlive/2021/texmf-dist/tex/latex/framed/framed.sty
Package: framed 2011/10/22 v 0.96: framed or shaded text with page breaks
\OuterFrameSep=\skip51
\fb@frw=\dimen150
\fb@frh=\dimen151
\FrameRule=\dimen152
\FrameSep=\dimen153
)
\aucount=\count193
\punctcount=\count194
 (/usr/local/texlive/2021/texmf-dist/tex/generic/ltxcmds/ltxcmds.sty
Package: ltxcmds 2020-05-10 v1.25 LaTeX kernel commands for general use (HO)
)
\c@affn=\count195
\addcount=\count196
\addcount=\count197
\opshortpage=\dimen154
\c@chapter=\count198
\labelwidthi=\dimen155
\labelwidthii=\dimen156
\labelwidthiii=\dimen157
\labelwidthiv=\dimen158
\rotdimen=\dimen159
\figwidth=\dimen160
\figheight=\dimen161
\sidecapwidth=\dimen162
\wrapcapline=\dimen163
\totalwrapline=\dimen164
\wraptotline=\dimen165
\figcapbox=\box50
\capbox=\box51
 (/usr/local/texlive/2021/texmf-dist/tex/latex/booktabs/booktabs.sty
Package: booktabs 2020/01/12 v1.61803398 Publication quality tables
\heavyrulewidth=\dimen166
\lightrulewidth=\dimen167
\cmidrulewidth=\dimen168
\belowrulesep=\dimen169
\belowbottomsep=\dimen170
\aboverulesep=\dimen171
\abovetopsep=\dimen172
\cmidrulesep=\dimen173
\cmidrulekern=\dimen174
\defaultaddspace=\dimen175
\@cmidla=\count199
\@cmidlb=\count266
\@aboverulesep=\dimen176
\@belowrulesep=\dimen177
\@thisruleclass=\count267
\@lastruleclass=\count268
\@thisrulewidth=\dimen178
)
\tablebox=\box52
\tabcapbox=\box53
\tabcapwidth=\dimen179
 (/usr/local/texlive/2021/texmf-dist/tex/latex/etoc/etoc.sty
Package: etoc 2020/05/15 v1.09c Completely customisable TOCs (JFB)
 (/usr/local/texlive/2021/texmf-dist/tex/latex/tools/multicol.sty
Package: multicol 2019/12/09 v1.8y multicolumn formatting (FMi)
\c@tracingmulticols=\count269
\mult@box=\box54
\multicol@leftmargin=\dimen180
\c@unbalance=\count270
\c@collectmore=\count271
\doublecol@number=\count272
\multicoltolerance=\count273
\multicolpretolerance=\count274
\full@width=\dimen181
\page@free=\dimen182
\premulticols=\dimen183
\postmulticols=\dimen184
\multicolsep=\skip52
\multicolbaselineskip=\skip53
\partial@page=\box55
\last@line=\box56
\maxbalancingoverflow=\dimen185
\mult@rightbox=\box57
\mult@grightbox=\box58
\mult@gfirstbox=\box59
\mult@firstbox=\box60
\@tempa=\box61
\@tempa=\box62
\@tempa=\box63
\@tempa=\box64
\@tempa=\box65
\@tempa=\box66
\@tempa=\box67
\@tempa=\box68
\@tempa=\box69
\@tempa=\box70
\@tempa=\box71
\@tempa=\box72
\@tempa=\box73
\@tempa=\box74
\@tempa=\box75
\@tempa=\box76
\@tempa=\box77
\@tempa=\box78
\@tempa=\box79
\@tempa=\box80
\@tempa=\box81
\@tempa=\box82
\@tempa=\box83
\@tempa=\box84
\@tempa=\box85
\@tempa=\box86
\@tempa=\box87
\@tempa=\box88
\@tempa=\box89
\@tempa=\box90
\@tempa=\box91
\@tempa=\box92
\@tempa=\box93
\@tempa=\box94
\@tempa=\box95
\@tempa=\box96
\@tempa=\box97
\c@minrows=\count275
\c@columnbadness=\count276
\c@finalcolumnbadness=\count277
\last@try=\dimen186
\multicolovershoot=\dimen187
\multicolundershoot=\dimen188
\mult@nat@firstbox=\box98
\colbreak@box=\box99
\mc@col@check@num=\count278
)
\Etoc@toctoks=\toks23
\c@etoc@tocid=\count279
\c@etoc@tocdepth=\count280
\etoc@framed@titlebox=\box100
\etoc@framed@contentsbox=\box101
)
\c@savesecnumdepth=\count281
 (/usr/local/texlive/2021/texmf-dist/tex/latex/eso-pic/eso-pic.sty
Package: eso-pic 2020/10/14 v3.0a eso-pic (RN)
\ESO@tempdima=\dimen189
\ESO@tempdimb=\dimen190
)
\Numlength=\skip54
\linenowidth=\dimen191
\@llinebox=\box102

Overfull \hbox (479.23853pt too wide) in paragraph at lines 1536--1536
[]| | | | []\T1/cmr/m/n/10 01[] 
 []


Overfull \hbox (479.23853pt too wide) in paragraph at lines 1536--1536
| | | | []\T1/cmr/m/n/10 02[] 
 []


Overfull \hbox (479.23853pt too wide) in paragraph at lines 1536--1536
| | | | []\T1/cmr/m/n/10 03[] 
 []


Overfull \hbox (479.23853pt too wide) in paragraph at lines 1536--1536
| | | | []\T1/cmr/m/n/10 04[] 
 []


Overfull \hbox (479.23853pt too wide) in paragraph at lines 1536--1536
| | | | []\T1/cmr/m/n/10 05[] 
 []


Overfull \hbox (479.23853pt too wide) in paragraph at lines 1536--1536
| | | | []\T1/cmr/m/n/10 06[] 
 []


Overfull \hbox (479.23853pt too wide) in paragraph at lines 1536--1536
| | | | []\T1/cmr/m/n/10 07[] 
 []


Overfull \hbox (479.23853pt too wide) in paragraph at lines 1536--1536
| | | | []\T1/cmr/m/n/10 08[] 
 []


Overfull \hbox (479.23853pt too wide) in paragraph at lines 1536--1536
| | | | []\T1/cmr/m/n/10 09[] 
 []


Overfull \hbox (479.23853pt too wide) in paragraph at lines 1536--1536
| | | | []\T1/cmr/m/n/10 10[] 
 []


Overfull \hbox (479.23853pt too wide) in paragraph at lines 1536--1536
| | | | []\T1/cmr/m/n/10 11[] 
 []


Overfull \hbox (479.23853pt too wide) in paragraph at lines 1536--1536
| | | | []\T1/cmr/m/n/10 12[] 
 []


Overfull \hbox (479.23853pt too wide) in paragraph at lines 1536--1536
| | | | []\T1/cmr/m/n/10 13[] 
 []


Overfull \hbox (479.23853pt too wide) in paragraph at lines 1536--1536
| | | | []\T1/cmr/m/n/10 14[] 
 []


Overfull \hbox (479.23853pt too wide) in paragraph at lines 1536--1536
| | | | []\T1/cmr/m/n/10 15[] 
 []


Overfull \hbox (479.23853pt too wide) in paragraph at lines 1536--1536
| | | | []\T1/cmr/m/n/10 16[] 
 []


Overfull \hbox (479.23853pt too wide) in paragraph at lines 1536--1536
| | | | []\T1/cmr/m/n/10 17[] 
 []


Overfull \hbox (479.23853pt too wide) in paragraph at lines 1536--1536
| | | | []\T1/cmr/m/n/10 18[] 
 []


Overfull \hbox (479.23853pt too wide) in paragraph at lines 1536--1536
| | | | []\T1/cmr/m/n/10 19[] 
 []


Overfull \hbox (479.23853pt too wide) in paragraph at lines 1536--1536
| | | | []\T1/cmr/m/n/10 20[] 
 []


Overfull \hbox (479.23853pt too wide) in paragraph at lines 1536--1536
| | | | []\T1/cmr/m/n/10 21[] 
 []


Overfull \hbox (479.23853pt too wide) in paragraph at lines 1536--1536
| | | | []\T1/cmr/m/n/10 22[] 
 []


Overfull \hbox (479.23853pt too wide) in paragraph at lines 1536--1536
| | | | []\T1/cmr/m/n/10 23[] 
 []


Overfull \hbox (479.23853pt too wide) in paragraph at lines 1536--1536
| | | | []\T1/cmr/m/n/10 24[] 
 []


Overfull \hbox (479.23853pt too wide) in paragraph at lines 1536--1536
| | | | []\T1/cmr/m/n/10 25[] 
 []


Overfull \hbox (479.23853pt too wide) in paragraph at lines 1536--1536
| | | | []\T1/cmr/m/n/10 26[] 
 []


Overfull \hbox (479.23853pt too wide) in paragraph at lines 1536--1536
| | | | []\T1/cmr/m/n/10 27[] 
 []


Overfull \hbox (479.23853pt too wide) in paragraph at lines 1536--1536
| | | | []\T1/cmr/m/n/10 28[] 
 []


Overfull \hbox (479.23853pt too wide) in paragraph at lines 1536--1536
| | | | []\T1/cmr/m/n/10 29[] 
 []


Overfull \hbox (479.23853pt too wide) in paragraph at lines 1536--1536
| | | | []\T1/cmr/m/n/10 30[] 
 []


Overfull \hbox (479.23853pt too wide) in paragraph at lines 1536--1536
| | | | []\T1/cmr/m/n/10 31[] 
 []


Overfull \hbox (479.23853pt too wide) in paragraph at lines 1536--1536
| | | | []\T1/cmr/m/n/10 32[] 
 []


Overfull \hbox (479.23853pt too wide) in paragraph at lines 1536--1536
| | | | []\T1/cmr/m/n/10 33[] 
 []


Overfull \hbox (479.23853pt too wide) in paragraph at lines 1536--1536
| | | | []\T1/cmr/m/n/10 34[] 
 []


Overfull \hbox (479.23853pt too wide) in paragraph at lines 1536--1536
| | | | []\T1/cmr/m/n/10 35[] 
 []


Overfull \hbox (479.23853pt too wide) in paragraph at lines 1536--1536
| | | | []\T1/cmr/m/n/10 36[] 
 []


Overfull \hbox (479.23853pt too wide) in paragraph at lines 1536--1536
| | | | []\T1/cmr/m/n/10 37[] 
 []


Overfull \hbox (479.23853pt too wide) in paragraph at lines 1536--1536
| | | | []\T1/cmr/m/n/10 38[] 
 []


Overfull \hbox (479.23853pt too wide) in paragraph at lines 1536--1536
| | | | []\T1/cmr/m/n/10 39[] 
 []


Overfull \hbox (479.23853pt too wide) in paragraph at lines 1536--1536
| | | | []\T1/cmr/m/n/10 40[] 
 []


Overfull \hbox (479.23853pt too wide) in paragraph at lines 1536--1536
| | | | []\T1/cmr/m/n/10 41[] 
 []


Overfull \hbox (479.23853pt too wide) in paragraph at lines 1536--1536
| | | | []\T1/cmr/m/n/10 42[] 
 []


Overfull \hbox (479.23853pt too wide) in paragraph at lines 1536--1536
| | | | []\T1/cmr/m/n/10 43[] 
 []


Overfull \hbox (479.23853pt too wide) in paragraph at lines 1536--1536
| | | | []\T1/cmr/m/n/10 44[] 
 []


Overfull \hbox (479.23853pt too wide) in paragraph at lines 1536--1536
| | | | []\T1/cmr/m/n/10 45[] 
 []


Overfull \hbox (479.23853pt too wide) in paragraph at lines 1536--1536
| | | | []\T1/cmr/m/n/10 46[] 
 []


Overfull \hbox (479.23853pt too wide) in paragraph at lines 1536--1536
| | | | []\T1/cmr/m/n/10 47[] 
 []


Overfull \hbox (479.23853pt too wide) in paragraph at lines 1536--1536
| | | | []\T1/cmr/m/n/10 48[] 
 []


Overfull \hbox (479.23853pt too wide) in paragraph at lines 1536--1536
| | | | []\T1/cmr/m/n/10 49[] 
 []


Overfull \hbox (479.23853pt too wide) in paragraph at lines 1536--1536
| | | | []\T1/cmr/m/n/10 50[] 
 []


Overfull \hbox (479.23853pt too wide) in paragraph at lines 1536--1536
| | | | []\T1/cmr/m/n/10 51[] 
 []


Overfull \hbox (479.23853pt too wide) in paragraph at lines 1536--1536
| | | | []\T1/cmr/m/n/10 52[] 
 []


Underfull \hbox (badness 10000) in paragraph at lines 1536--1536

 []

) (/usr/local/texlive/2021/texmf-dist/tex/latex/graphics/graphicx.sty
Package: graphicx 2020/12/05 v1.2c Enhanced LaTeX Graphics (DPC,SPQR)
 (/usr/local/texlive/2021/texmf-dist/tex/latex/graphics/graphics.sty
Package: graphics 2021/03/04 v1.4d Standard LaTeX Graphics (DPC,SPQR)
 (/usr/local/texlive/2021/texmf-dist/tex/latex/graphics/trig.sty
Package: trig 2016/01/03 v1.10 sin cos tan (DPC)
) (/usr/local/texlive/2021/texmf-dist/tex/latex/graphics-cfg/graphics.cfg
File: graphics.cfg 2016/06/04 v1.11 sample graphics configuration
)
Package graphics Info: Driver file: pdftex.def on input line 107.
)
\Gin@req@height=\dimen192
\Gin@req@width=\dimen193
) (/usr/local/texlive/2021/texmf-dist/tex/latex/was/upgreek.sty
Package: upgreek 2003/02/12 v2.0 (WaS)
Package upgreek Info: Using Euler Roman for upright Greek on input line 31.
\symugrf@m=\mathgroup4
LaTeX Font Info:    Overwriting symbol font `ugrf@m' in version `bold'
(Font)                  U/eur/m/n --> U/eur/b/n on input line 38.
) (/usr/local/texlive/2021/texmf-dist/tex/latex/multirow/multirow.sty
Package: multirow 2021/03/15 v2.8 Span multiple rows of a table
\multirow@colwidth=\skip55
\multirow@cntb=\count282
\multirow@dima=\skip56
\bigstrutjot=\dimen194
) (/usr/local/texlive/2021/texmf-dist/tex/latex/amsmath/amsmath.sty
Package: amsmath 2021/04/20 v2.17j AMS math features
\@mathmargin=\skip57

For additional information on amsmath, use the `?' option.
(/usr/local/texlive/2021/texmf-dist/tex/latex/amsmath/amstext.sty
Package: amstext 2000/06/29 v2.01 AMS text
 (/usr/local/texlive/2021/texmf-dist/tex/latex/amsmath/amsgen.sty
File: amsgen.sty 1999/11/30 v2.0 generic functions
\@emptytoks=\toks24
\ex@=\dimen195
)) (/usr/local/texlive/2021/texmf-dist/tex/latex/amsmath/amsbsy.sty
Package: amsbsy 1999/11/29 v1.2d Bold Symbols
\pmbraise@=\dimen196
) (/usr/local/texlive/2021/texmf-dist/tex/latex/amsmath/amsopn.sty
Package: amsopn 2016/03/08 v2.02 operator names
)
\inf@bad=\count283
LaTeX Info: Redefining \frac on input line 234.
\uproot@=\count284
\leftroot@=\count285
LaTeX Info: Redefining \overline on input line 399.
\classnum@=\count286
\DOTSCASE@=\count287
LaTeX Info: Redefining \ldots on input line 496.
LaTeX Info: Redefining \dots on input line 499.
LaTeX Info: Redefining \cdots on input line 620.
\Mathstrutbox@=\box103
\strutbox@=\box104
\big@size=\dimen197
LaTeX Font Info:    Redeclaring font encoding OML on input line 743.
LaTeX Font Info:    Redeclaring font encoding OMS on input line 744.
\macc@depth=\count288
\c@MaxMatrixCols=\count289
\dotsspace@=\muskip17
\c@parentequation=\count290
\dspbrk@lvl=\count291
\tag@help=\toks25
\row@=\count292
\column@=\count293
\maxfields@=\count294
\andhelp@=\toks26
\eqnshift@=\dimen198
\alignsep@=\dimen199
\tagshift@=\dimen256
\tagwidth@=\dimen257
\totwidth@=\dimen258
\lineht@=\dimen259
\@envbody=\toks27
\multlinegap=\skip58
\multlinetaggap=\skip59
\mathdisplay@stack=\toks28
LaTeX Info: Redefining \[ on input line 2923.
LaTeX Info: Redefining \] on input line 2924.
) (/usr/local/texlive/2021/texmf-dist/tex/latex/amsfonts/amssymb.sty
Package: amssymb 2013/01/14 v3.01 AMS font symbols
 (/usr/local/texlive/2021/texmf-dist/tex/latex/amsfonts/amsfonts.sty
Package: amsfonts 2013/01/14 v3.01 Basic AMSFonts support
\symAMSa=\mathgroup5
\symAMSb=\mathgroup6
LaTeX Font Info:    Redeclaring math symbol \hbar on input line 98.
LaTeX Font Info:    Overwriting math alphabet `\mathfrak' in version `bold'
(Font)                  U/euf/m/n --> U/euf/b/n on input line 106.
)) (/usr/local/texlive/2021/texmf-dist/tex/latex/jknapltx/mathrsfs.sty
Package: mathrsfs 1996/01/01 Math RSFS package v1.0 (jk)
\symrsfs=\mathgroup7
) (/usr/local/texlive/2021/texmf-dist/tex/latex/amscls/amsthm.sty
Package: amsthm 2020/05/29 v2.20.6
\thm@style=\toks29
\thm@bodyfont=\toks30
\thm@headfont=\toks31
\thm@notefont=\toks32
\thm@headpunct=\toks33
\thm@preskip=\skip60
\thm@postskip=\skip61
\thm@headsep=\skip62
\dth@everypar=\toks34
) (/usr/local/texlive/2021/texmf-dist/tex/latex/graphics/rotating.sty
Package: rotating 2016/08/11 v2.16d rotated objects in LaTeX
 (/usr/local/texlive/2021/texmf-dist/tex/latex/base/ifthen.sty
Package: ifthen 2020/11/24 v1.1c Standard LaTeX ifthen package (DPC)
)
\c@r@tfl@t=\count295
\rotFPtop=\skip63
\rotFPbot=\skip64
\rot@float@box=\box105
\rot@mess@toks=\toks35
) (/usr/local/texlive/2021/texmf-dist/tex/latex/appendix/appendix.sty
Package: appendix 2020/02/08 v1.2c extra appendix facilities
\c@@pps=\count296
\c@@ppsavesec=\count297
\c@@ppsaveapp=\count298
) (/usr/local/texlive/2021/texmf-dist/tex/latex/natbib/natbib.sty
Package: natbib 2010/09/13 8.31b (PWD, AO)
\bibhang=\skip65
\bibsep=\skip66
LaTeX Info: Redefining \cite on input line 694.
\c@NAT@ctr=\count299
) (/usr/local/texlive/2021/texmf-dist/tex/generic/iftex/ifpdf.sty
Package: ifpdf 2019/10/25 v3.4 ifpdf legacy package. Use iftex instead.
) (/usr/local/texlive/2021/texmf-dist/tex/latex/base/fontenc.sty
Package: fontenc 2021/04/29 v2.0v Standard LaTeX package
) (/usr/local/texlive/2021/texmf-dist/tex/latex/newtx/newtxtext.sty
Package: newtxtext 2021/05/24 v1.653
 `newtxtext' v1.653, 2021/05/24 Text macros taking advantage of TeX-Gyre Termes fonts (msharpe) (/usr/local/texlive/2021/texmf-dist/tex/latex/fontaxes/fontaxes.sty
Package: fontaxes 2020/07/21 v1.0e Font selection axes
LaTeX Info: Redefining \upshape on input line 29.
LaTeX Info: Redefining \itshape on input line 31.
LaTeX Info: Redefining \slshape on input line 33.
LaTeX Info: Redefining \swshape on input line 35.
LaTeX Info: Redefining \scshape on input line 37.
LaTeX Info: Redefining \sscshape on input line 39.
LaTeX Info: Redefining \ulcshape on input line 41.
LaTeX Info: Redefining \textsw on input line 47.
LaTeX Info: Redefining \textssc on input line 48.
LaTeX Info: Redefining \textulc on input line 49.
)
\ntx@fs=\dimen260
 (/usr/local/texlive/2021/texmf-dist/tex/latex/xkeyval/xkeyval.sty
Package: xkeyval 2020/11/20 v2.8 package option processing (HA)
 (/usr/local/texlive/2021/texmf-dist/tex/generic/xkeyval/xkeyval.tex (/usr/local/texlive/2021/texmf-dist/tex/generic/xkeyval/xkvutils.tex
\XKV@toks=\toks36
\XKV@tempa@toks=\toks37
)
\XKV@depth=\count300
File: xkeyval.tex 2014/12/03 v2.7a key=value parser (HA)
)) (/usr/local/texlive/2021/texmf-dist/tex/latex/etoolbox/etoolbox.sty
Package: etoolbox 2020/10/05 v2.5k e-TeX tools for LaTeX (JAW)
\etb@tempcnta=\count301
) (/usr/local/texlive/2021/texmf-dist/tex/generic/xstring/xstring.sty (/usr/local/texlive/2021/texmf-dist/tex/generic/xstring/xstring.tex
\integerpart=\count302
\decimalpart=\count303
)
Package: xstring 2019/02/06 v1.83 String manipulations (CT)
) (/usr/local/texlive/2021/texmf-dist/tex/latex/carlisle/scalefnt.sty) (/usr/local/texlive/2021/texmf-dist/tex/latex/base/fontenc.sty
Package: fontenc 2021/04/29 v2.0v Standard LaTeX package
LaTeX Font Info:    Trying to load font information for T1+ntxtlf on input line 112.
 (/usr/local/texlive/2021/texmf-dist/tex/latex/newtx/t1ntxtlf.fd
File: t1ntxtlf.fd 2021/05/24 v1.1 font definition file for T1/ntx/tlf
)
LaTeX Font Info:    Font shape `T1/ntxtlf/m/n' will be
(Font)              scaled to size 10.0pt on input line 112.
) (/usr/local/texlive/2021/texmf-dist/tex/latex/base/textcomp.sty
Package: textcomp 2020/02/02 v2.0n Standard LaTeX package
LaTeX Font Info:    Changing ? sub-encoding to TS1/0 on input line 78.
)
\ntxt@cntz=\count304
LaTeX Font Info:    Redeclaring math symbol \mathsterling on input line 320.
) (/usr/local/texlive/2021/texmf-dist/tex/latex/newtx/newtxmath.sty
Package: newtxmath 2021/06/01 v1.655
 `newtxmath' v1.655, 2021/06/01 Math macros based originally on txfonts (msharpe) (/usr/local/texlive/2021/texmf-dist/tex/generic/iftex/ifxetex.sty
Package: ifxetex 2019/10/25 v0.7 ifxetex legacy package. Use iftex instead.
) (/usr/local/texlive/2021/texmf-dist/tex/generic/iftex/ifluatex.sty
Package: ifluatex 2019/10/25 v1.5 ifluatex legacy package. Use iftex instead.
) (/usr/local/texlive/2021/texmf-dist/tex/latex/oberdiek/centernot.sty
Package: centernot 2016/05/16 v1.4 Centers the not symbol horizontally (HO)
)
\tx@cntz=\count305
 (/usr/local/texlive/2021/texmf-dist/tex/generic/kastrup/binhex.tex)
\tx@Isdigit=\count306
\tx@IsAlNum=\count307
\tx@tA=\toks38
\tx@tB=\toks39
\tx@su=\read2
LaTeX Font Info:    Redeclaring symbol font `operators' on input line 360.
LaTeX Font Info:    Overwriting symbol font `operators' in version `normal'
(Font)                  OT1/cmr/m/n --> OT1/ntxtlf/m/n on input line 360.
LaTeX Font Info:    Overwriting symbol font `operators' in version `bold'
(Font)                  OT1/cmr/bx/n --> OT1/ntxtlf/m/n on input line 360.
LaTeX Font Info:    Overwriting symbol font `operators' in version `bold'
(Font)                  OT1/ntxtlf/m/n --> OT1/ntxtlf/b/n on input line 361.
LaTeX Font Info:    Redeclaring math alphabet \mathsf on input line 369.
LaTeX Font Info:    Overwriting math alphabet `\mathsf' in version `normal'
(Font)                  OT1/cmss/m/n --> T1/qhv/m/n on input line 369.
LaTeX Font Info:    Overwriting math alphabet `\mathsf' in version `bold'
(Font)                  OT1/cmss/bx/n --> T1/qhv/m/n on input line 369.
LaTeX Font Info:    Redeclaring math alphabet \mathit on input line 370.
LaTeX Font Info:    Overwriting math alphabet `\mathit' in version `normal'
(Font)                  OT1/cmr/m/it --> OT1/ntxtlf/m/it on input line 370.
LaTeX Font Info:    Overwriting math alphabet `\mathit' in version `bold'
(Font)                  OT1/cmr/bx/it --> OT1/ntxtlf/m/it on input line 370.
LaTeX Font Info:    Redeclaring math alphabet \mathtt on input line 371.
LaTeX Font Info:    Overwriting math alphabet `\mathtt' in version `normal'
(Font)                  OT1/cmtt/m/n --> T1/ntxtt/m/n on input line 371.
LaTeX Font Info:    Overwriting math alphabet `\mathtt' in version `bold'
(Font)                  OT1/cmtt/m/n --> T1/ntxtt/m/n on input line 371.
LaTeX Font Info:    Redeclaring math alphabet \mathbf on input line 373.
LaTeX Font Info:    Overwriting math alphabet `\mathbf' in version `normal'
(Font)                  OT1/cmr/bx/n --> OT1/ntxtlf/b/n on input line 373.
LaTeX Font Info:    Overwriting math alphabet `\mathbf' in version `bold'
(Font)                  OT1/cmr/bx/n --> OT1/ntxtlf/b/n on input line 373.
LaTeX Font Info:    Overwriting math alphabet `\mathit' in version `bold'
(Font)                  OT1/ntxtlf/m/it --> OT1/ntxtlf/b/it on input line 374.
LaTeX Font Info:    Overwriting math alphabet `\mathsf' in version `bold'
(Font)                  T1/qhv/m/n --> T1/qhv/b/n on input line 375.
LaTeX Font Info:    Overwriting math alphabet `\mathtt' in version `bold'
(Font)                  T1/ntxtt/m/n --> T1/ntxtt/b/n on input line 376.
LaTeX Font Info:    Redeclaring symbol font `letters' on input line 477.
LaTeX Font Info:    Overwriting symbol font `letters' in version `normal'
(Font)                  OML/cmm/m/it --> OML/ntxmi/m/it on input line 477.
LaTeX Font Info:    Overwriting symbol font `letters' in version `bold'
(Font)                  OML/cmm/b/it --> OML/ntxmi/m/it on input line 477.
LaTeX Font Info:    Overwriting symbol font `letters' in version `bold'
(Font)                  OML/ntxmi/m/it --> OML/ntxmi/b/it on input line 478.
\symlettersA=\mathgroup8
LaTeX Font Info:    Overwriting symbol font `lettersA' in version `bold'
(Font)                  U/ntxmia/m/it --> U/ntxmia/b/it on input line 533.
LaTeX Font Info:    Redeclaring math alphabet \mathfrak on input line 535.
Now handling font encoding LMS ...
... no UTF-8 mapping file for font encoding LMS
LaTeX Font Info:    Redeclaring symbol font `symbols' on input line 554.
LaTeX Font Info:    Encoding `OMS' has changed to `LMS' for symbol font
(Font)              `symbols' in the math version `normal' on input line 554.
LaTeX Font Info:    Overwriting symbol font `symbols' in version `normal'
(Font)                  OMS/cmsy/m/n --> LMS/ntxsy/m/n on input line 554.
LaTeX Font Info:    Encoding `OMS' has changed to `LMS' for symbol font
(Font)              `symbols' in the math version `bold' on input line 554.
LaTeX Font Info:    Overwriting symbol font `symbols' in version `bold'
(Font)                  OMS/cmsy/b/n --> LMS/ntxsy/m/n on input line 554.
LaTeX Font Info:    Overwriting symbol font `symbols' in version `bold'
(Font)                  LMS/ntxsy/m/n --> LMS/ntxsy/b/n on input line 555.
\symAMSm=\mathgroup9
LaTeX Font Info:    Overwriting symbol font `AMSm' in version `bold'
(Font)                  U/ntxsym/m/n --> U/ntxsym/b/n on input line 580.
\symsymbolsC=\mathgroup10
LaTeX Font Info:    Overwriting symbol font `symbolsC' in version `bold'
(Font)                  U/ntxsyc/m/n --> U/ntxsyc/b/n on input line 601.
Now handling font encoding LMX ...
... no UTF-8 mapping file for font encoding LMX
LaTeX Font Info:    Redeclaring symbol font `largesymbols' on input line 614.
LaTeX Font Info:    Encoding `OMX' has changed to `LMX' for symbol font
(Font)              `largesymbols' in the math version `normal' on input line 614.
LaTeX Font Info:    Overwriting symbol font `largesymbols' in version `normal'
(Font)                  OMX/cmex/m/n --> LMX/ntxexx/m/n on input line 614.
LaTeX Font Info:    Encoding `OMX' has changed to `LMX' for symbol font
(Font)              `largesymbols' in the math version `bold' on input line 614.
LaTeX Font Info:    Overwriting symbol font `largesymbols' in version `bold'
(Font)                  OMX/cmex/m/n --> LMX/ntxexx/m/n on input line 614.
LaTeX Font Info:    Overwriting symbol font `largesymbols' in version `bold'
(Font)                  LMX/ntxexx/m/n --> LMX/ntxexx/b/n on input line 615.
\symlargesymbolsTXA=\mathgroup11
LaTeX Font Info:    Overwriting symbol font `largesymbolsTXA' in version `bold'
(Font)                  U/ntxexa/m/n --> U/ntxexa/b/n on input line 629.
\tx@sbptoks=\toks40
LaTeX Font Info:    Redeclaring math delimiter \lfloor on input line 852.
LaTeX Font Info:    Redeclaring math delimiter \rfloor on input line 853.
LaTeX Font Info:    Redeclaring math delimiter \lceil on input line 854.
LaTeX Font Info:    Redeclaring math delimiter \rceil on input line 855.
LaTeX Font Info:    Redeclaring math delimiter \lbrace on input line 856.
LaTeX Font Info:    Redeclaring math delimiter \rbrace on input line 857.
LaTeX Font Info:    Redeclaring math delimiter \langle on input line 858.
LaTeX Font Info:    Redeclaring math delimiter \rangle on input line 860.
LaTeX Font Info:    Redeclaring math delimiter \arrowvert on input line 864.
LaTeX Font Info:    Redeclaring math delimiter \vert on input line 865.
LaTeX Font Info:    Redeclaring math accent \dot on input line 936.
LaTeX Font Info:    Redeclaring math accent \ddot on input line 937.
LaTeX Font Info:    Redeclaring math accent \vec on input line 2000.
LaTeX Info: Redefining \Bbbk on input line 2788.
LaTeX Info: Redefining \not on input line 2937.
LaTeX Info: Redefining \textsquare on input line 2967.
LaTeX Info: Redefining \openbox on input line 2969.
) (/usr/local/texlive/2021/texmf-dist/tex/latex/hyperref/hyperref.sty
Package: hyperref 2021-06-07 v7.00m Hypertext links for LaTeX
 (/usr/local/texlive/2021/texmf-dist/tex/generic/pdftexcmds/pdftexcmds.sty
Package: pdftexcmds 2020-06-27 v0.33 Utility functions of pdfTeX for LuaTeX (HO)
 (/usr/local/texlive/2021/texmf-dist/tex/generic/infwarerr/infwarerr.sty
Package: infwarerr 2019/12/03 v1.5 Providing info/warning/error messages (HO)
)
Package pdftexcmds Info: \pdf@primitive is available.
Package pdftexcmds Info: \pdf@ifprimitive is available.
Package pdftexcmds Info: \pdfdraftmode found.
) (/usr/local/texlive/2021/texmf-dist/tex/generic/kvsetkeys/kvsetkeys.sty
Package: kvsetkeys 2019/12/15 v1.18 Key value parser (HO)
) (/usr/local/texlive/2021/texmf-dist/tex/generic/kvdefinekeys/kvdefinekeys.sty
Package: kvdefinekeys 2019-12-19 v1.6 Define keys (HO)
) (/usr/local/texlive/2021/texmf-dist/tex/generic/pdfescape/pdfescape.sty
Package: pdfescape 2019/12/09 v1.15 Implements pdfTeX's escape features (HO)
) (/usr/local/texlive/2021/texmf-dist/tex/latex/hycolor/hycolor.sty
Package: hycolor 2020-01-27 v1.10 Color options for hyperref/bookmark (HO)
) (/usr/local/texlive/2021/texmf-dist/tex/latex/letltxmacro/letltxmacro.sty
Package: letltxmacro 2019/12/03 v1.6 Let assignment for LaTeX macros (HO)
) (/usr/local/texlive/2021/texmf-dist/tex/latex/auxhook/auxhook.sty
Package: auxhook 2019-12-17 v1.6 Hooks for auxiliary files (HO)
) (/usr/local/texlive/2021/texmf-dist/tex/latex/kvoptions/kvoptions.sty
Package: kvoptions 2020-10-07 v3.14 Key value format for package options (HO)
)
\@linkdim=\dimen261
\Hy@linkcounter=\count308
\Hy@pagecounter=\count309
 (/usr/local/texlive/2021/texmf-dist/tex/latex/hyperref/pd1enc.def
File: pd1enc.def 2021-06-07 v7.00m Hyperref: PDFDocEncoding definition (HO)
Now handling font encoding PD1 ...
... no UTF-8 mapping file for font encoding PD1
) (/usr/local/texlive/2021/texmf-dist/tex/latex/hyperref/hyperref-langpatches.def
File: hyperref-langpatches.def 2021-06-07 v7.00m Hyperref: patches for babel languages
) (/usr/local/texlive/2021/texmf-dist/tex/generic/intcalc/intcalc.sty
Package: intcalc 2019/12/15 v1.3 Expandable calculations with integers (HO)
) (/usr/local/texlive/2021/texmf-dist/tex/generic/etexcmds/etexcmds.sty
Package: etexcmds 2019/12/15 v1.7 Avoid name clashes with e-TeX commands (HO)
)
\Hy@SavedSpaceFactor=\count310
 (/usr/local/texlive/2021/texmf-dist/tex/latex/hyperref/puenc.def
File: puenc.def 2021-06-07 v7.00m Hyperref: PDF Unicode definition (HO)
Now handling font encoding PU ...
... no UTF-8 mapping file for font encoding PU
)
Package hyperref Info: Option `colorlinks' set `true' on input line 4073.
Package hyperref Info: Hyper figures OFF on input line 4192.
Package hyperref Info: Link nesting OFF on input line 4197.
Package hyperref Info: Hyper index ON on input line 4200.
Package hyperref Info: Plain pages OFF on input line 4207.
Package hyperref Info: Backreferencing OFF on input line 4212.
Package hyperref Info: Implicit mode ON; LaTeX internals redefined.
Package hyperref Info: Bookmarks ON on input line 4445.
\c@Hy@tempcnt=\count311
LaTeX Info: Redefining \url on input line 4804.
\XeTeXLinkMargin=\dimen262
 (/usr/local/texlive/2021/texmf-dist/tex/generic/bitset/bitset.sty
Package: bitset 2019/12/09 v1.3 Handle bit-vector datatype (HO)
 (/usr/local/texlive/2021/texmf-dist/tex/generic/bigintcalc/bigintcalc.sty
Package: bigintcalc 2019/12/15 v1.5 Expandable calculations on big integers (HO)
))
\Fld@menulength=\count312
\Field@Width=\dimen263
\Fld@charsize=\dimen264
Package hyperref Info: Hyper figures OFF on input line 6076.
Package hyperref Info: Link nesting OFF on input line 6081.
Package hyperref Info: Hyper index ON on input line 6084.
Package hyperref Info: backreferencing OFF on input line 6091.
Package hyperref Info: Link coloring ON on input line 6094.
Package hyperref Info: Link coloring with OCG OFF on input line 6101.
Package hyperref Info: PDF/A mode OFF on input line 6106.
LaTeX Info: Redefining \ref on input line 6146.
LaTeX Info: Redefining \pageref on input line 6150.
 (/usr/local/texlive/2021/texmf-dist/tex/latex/base/atbegshi-ltx.sty
Package: atbegshi-ltx 2021/01/10 v1.0c Emulation of the original atbegshi
package with kernel methods
)
\Hy@abspage=\count313
\c@Item=\count314
\c@Hfootnote=\count315
)
Package hyperref Info: Driver (autodetected): hpdftex.
 (/usr/local/texlive/2021/texmf-dist/tex/latex/hyperref/hpdftex.def
File: hpdftex.def 2021-06-07 v7.00m Hyperref driver for pdfTeX
 (/usr/local/texlive/2021/texmf-dist/tex/latex/base/atveryend-ltx.sty
Package: atveryend-ltx 2020/08/19 v1.0a Emulation of the original atvery package
with kernel methods
)
\Fld@listcount=\count316
\c@bookmark@seq@number=\count317
 (/usr/local/texlive/2021/texmf-dist/tex/latex/rerunfilecheck/rerunfilecheck.sty
Package: rerunfilecheck 2019/12/05 v1.9 Rerun checks for auxiliary files (HO)
 (/usr/local/texlive/2021/texmf-dist/tex/generic/uniquecounter/uniquecounter.sty
Package: uniquecounter 2019/12/15 v1.4 Provide unlimited unique counter (HO)
)
Package uniquecounter Info: New unique counter `rerunfilecheck' on input line 286.
)
\Hy@SectionHShift=\skip67
)
Package hyperref Info: Option `colorlinks' set `true' on input line 31.
\c@theorem=\count318
 (/usr/local/texlive/2021/texmf-dist/tex/latex/l3backend/l3backend-pdftex.def
File: l3backend-pdftex.def 2021-05-07 L3 backend support: PDF output (pdfTeX)
\l__color_backend_stack_int=\count319
\l__pdf_internal_box=\box106
) (./FLOW_canopy.aux

LaTeX Warning: Label `RSS_contour' multiply defined.

)
\openout1 = `FLOW_canopy.aux'.

LaTeX Font Info:    Checking defaults for OML/ntxmi/m/it on input line 57.
LaTeX Font Info:    Trying to load font information for OML+ntxmi on input line 57.
 (/usr/local/texlive/2021/texmf-dist/tex/latex/newtx/omlntxmi.fd
File: omlntxmi.fd 2015/08/25 Fontinst v1.933 font definitions for OML/ntxmi.
)
LaTeX Font Info:    ... okay on input line 57.
LaTeX Font Info:    Checking defaults for OMS/cmsy/m/n on input line 57.
LaTeX Font Info:    ... okay on input line 57.
LaTeX Font Info:    Checking defaults for OT1/cmr/m/n on input line 57.
LaTeX Font Info:    ... okay on input line 57.
LaTeX Font Info:    Checking defaults for T1/cmr/m/n on input line 57.
LaTeX Font Info:    ... okay on input line 57.
LaTeX Font Info:    Checking defaults for TS1/cmr/m/n on input line 57.
LaTeX Font Info:    ... okay on input line 57.
LaTeX Font Info:    Checking defaults for OMX/cmex/m/n on input line 57.
LaTeX Font Info:    ... okay on input line 57.
LaTeX Font Info:    Checking defaults for U/ntxexa/m/n on input line 57.
LaTeX Font Info:    Trying to load font information for U+ntxexa on input line 57.
 (/usr/local/texlive/2021/texmf-dist/tex/latex/newtx/untxexa.fd
File: untxexa.fd 2012/04/16 Fontinst v1.933 font definitions for U/ntxexa.
)
LaTeX Font Info:    ... okay on input line 57.
LaTeX Font Info:    Checking defaults for LMS/ntxsy/m/n on input line 57.
LaTeX Font Info:    Trying to load font information for LMS+ntxsy on input line 57.
 (/usr/local/texlive/2021/texmf-dist/tex/latex/newtx/lmsntxsy.fd
File: lmsntxsy.fd 2016/07/02 Fontinst v1.933 font definitions for LMS/ntxsy.
)
LaTeX Font Info:    ... okay on input line 57.
LaTeX Font Info:    Checking defaults for LMX/ntxexx/m/n on input line 57.
LaTeX Font Info:    Trying to load font information for LMX+ntxexx on input line 57.
 (/usr/local/texlive/2021/texmf-dist/tex/latex/newtx/lmxntxexx.fd
File: lmxntxexx.fd 2016/07/03 Fontinst v1.933 font definitions for LMX/ntxexx.
)
LaTeX Font Info:    ... okay on input line 57.
LaTeX Font Info:    Checking defaults for PD1/pdf/m/n on input line 57.
LaTeX Font Info:    ... okay on input line 57.
LaTeX Font Info:    Checking defaults for PU/pdf/m/n on input line 57.
LaTeX Font Info:    ... okay on input line 57.
 (/usr/local/texlive/2021/texmf-dist/tex/context/base/mkii/supp-pdf.mkii
[Loading MPS to PDF converter (version 2006.09.02).]
\scratchcounter=\count320
\scratchdimen=\dimen265
\scratchbox=\box107
\nofMPsegments=\count321
\nofMParguments=\count322
\everyMPshowfont=\toks41
\MPscratchCnt=\count323
\MPscratchDim=\dimen266
\MPnumerator=\count324
\makeMPintoPDFobject=\count325
\everyMPtoPDFconversion=\toks42
) (/usr/local/texlive/2021/texmf-dist/tex/latex/epstopdf-pkg/epstopdf-base.sty
Package: epstopdf-base 2020-01-24 v2.11 Base part for package epstopdf
Package epstopdf-base Info: Redefining graphics rule for `.eps' on input line 485.
 (/usr/local/texlive/2021/texmf-dist/tex/latex/latexconfig/epstopdf-sys.cfg
File: epstopdf-sys.cfg 2010/07/13 v1.3 Configuration of (r)epstopdf for TeX Live
))
*geometry* driver: auto-detecting
*geometry* detected driver: pdftex
*geometry* verbose mode - [ preamble ] result:
* driver: pdftex
* paper: custom
* layout: <same size as paper>
* layoutoffset:(h,v)=(0.0pt,0.0pt)
* bindingoffset: 17.07164pt
* modes: twoside 
* h-part:(L,W,R)=(27.31464pt, 409.71968pt, 40.97198pt)
* v-part:(T,H,B)=(57.0pt, 612.5pt, 33.28307pt)
* \paperwidth=495.07794pt
* \paperheight=702.78307pt
* \textwidth=409.71968pt
* \textheight=612.5pt
* \oddsidemargin=-27.88371pt
* \evensidemargin=-31.298pt
* \topmargin=-41.76999pt
* \headheight=7.0pt
* \headsep=19.5pt
* \topskip=10.0pt
* \footskip=0.0pt
* \marginparwidth=28.45274pt
* \marginparsep=8.53581pt
* \columnsep=10.0pt
* \skip\footins=8.0pt plus 4.0pt
* \hoffset=0.0pt
* \voffset=0.0pt
* \mag=1000
* \@twocolumnfalse
* \@twosidetrue
* \@mparswitchtrue
* \@reversemarginfalse
* (1in=72.27pt=25.4mm, 1cm=28.453pt)

No file FLOW_canopy.toc.
\c@mv@tabular=\count326
\c@mv@boldtabular=\count327
Package hyperref Info: Link coloring ON on input line 57.
(/usr/local/texlive/2021/texmf-dist/tex/latex/hyperref/nameref.sty
Package: nameref 2021-04-02 v2.47 Cross-referencing by name of section
 (/usr/local/texlive/2021/texmf-dist/tex/latex/refcount/refcount.sty
Package: refcount 2019/12/15 v3.6 Data extraction from label references (HO)
) (/usr/local/texlive/2021/texmf-dist/tex/generic/gettitlestring/gettitlestring.sty
Package: gettitlestring 2019/12/15 v1.6 Cleanup title references (HO)
)
\c@section@level=\count328
)
LaTeX Info: Redefining \ref on input line 57.
LaTeX Info: Redefining \pageref on input line 57.
LaTeX Info: Redefining \nameref on input line 57.
 (./FLOW_canopy.out) (./FLOW_canopy.out)
\@outlinefile=\write3
\openout3 = `FLOW_canopy.out'.

LaTeX Font Info:    Font shape `T1/ntxtlf/b/n' will be
(Font)              scaled to size 8.5pt on input line 86.
LaTeX Font Info:    Font shape `T1/ntxtlf/b/n' will be
(Font)              scaled to size 16.0pt on input line 86.
LaTeX Font Info:    Trying to load font information for OT1+ntxtlf on input line 86.
 (/usr/local/texlive/2021/texmf-dist/tex/latex/newtx/ot1ntxtlf.fd
File: ot1ntxtlf.fd 2021/05/24 v1.0 font definition file for OT1/ntx/tlf
)
LaTeX Font Info:    Font shape `OT1/ntxtlf/m/n' will be
(Font)              scaled to size 10.0pt on input line 86.
LaTeX Font Info:    Font shape `OT1/ntxtlf/m/n' will be
(Font)              scaled to size 7.3pt on input line 86.
LaTeX Font Info:    Font shape `OT1/ntxtlf/m/n' will be
(Font)              scaled to size 5.5pt on input line 86.
LaTeX Font Info:    Trying to load font information for U+msa on input line 86.
 (/usr/local/texlive/2021/texmf-dist/tex/latex/amsfonts/umsa.fd
File: umsa.fd 2013/01/14 v3.01 AMS symbols A
)
LaTeX Font Info:    Trying to load font information for U+msb on input line 86.
 (/usr/local/texlive/2021/texmf-dist/tex/latex/amsfonts/umsb.fd
File: umsb.fd 2013/01/14 v3.01 AMS symbols B
)
LaTeX Font Info:    Trying to load font information for U+rsfs on input line 86.
 (/usr/local/texlive/2021/texmf-dist/tex/latex/jknapltx/ursfs.fd
File: ursfs.fd 1998/03/24 rsfs font definition file (jk)
)

LaTeX Font Warning: Font shape `U/rsfs/m/n' in size <5.5> not available
(Font)              size <5> substituted on input line 86.

LaTeX Font Info:    Trying to load font information for U+ntxmia on input line 86.
(/usr/local/texlive/2021/texmf-dist/tex/latex/newtx/untxmia.fd
File: untxmia.fd 2018/04/14 Fontinst v1.933 font definitions for U/ntxmia.
)
LaTeX Font Info:    Trying to load font information for U+ntxsym on input line 86.
 (/usr/local/texlive/2021/texmf-dist/tex/latex/newtx/untxsym.fd
File: untxsym.fd 2015/03/20 Fontinst v1.933 font definitions for U/ntxsym.
)
LaTeX Font Info:    Trying to load font information for U+ntxsyc on input line 86.
 (/usr/local/texlive/2021/texmf-dist/tex/latex/newtx/untxsyc.fd
File: untxsyc.fd 2012/04/12 Fontinst v1.933 font definitions for U/ntxsyc.
)

Package hyperref Warning: Suppressing empty link on input line 86.

LaTeX Font Info:    Font shape `T1/ntxtlf/m/n' will be
(Font)              scaled to size 7.3pt on input line 86.

Underfull \hbox (badness 1796) in paragraph at lines 86--86
[]\T1/ntxtlf/m/n/10 Liu Hong$[]$, Robert C. Houseago$[]$, Daniel Parsons$[]$, James L. Best$[]$ and Leonardo P.
 []

LaTeX Font Info:    Font shape `T1/ntxtlf/m/n' will be
(Font)              scaled to size 8.0pt on input line 86.
LaTeX Font Info:    Font shape `OT1/ntxtlf/m/n' will be
(Font)              scaled to size 8.0pt on input line 86.
LaTeX Font Info:    Font shape `OT1/ntxtlf/m/n' will be
(Font)              scaled to size 6.2pt on input line 86.
LaTeX Font Info:    Font shape `T1/ntxtlf/m/n' will be
(Font)              scaled to size 6.2pt on input line 86.
LaTeX Font Info:    Font shape `T1/ntxtlf/b/n' will be
(Font)              scaled to size 8.0pt on input line 86.
LaTeX Font Info:    Font shape `T1/ntxtlf/m/n' will be
(Font)              scaled to size 9.0pt on input line 86.
LaTeX Font Info:    Font shape `T1/ntxtlf/b/n' will be
(Font)              scaled to size 9.0pt on input line 86.
LaTeX Font Info:    Font shape `OT1/ntxtlf/m/n' will be
(Font)              scaled to size 9.0pt on input line 86.
LaTeX Font Info:    Font shape `T1/ntxtlf/b/n' will be
(Font)              scaled to size 10.0pt on input line 96.

Underfull \vbox (badness 10000) has occurred while \output is active []

LaTeX Font Info:    Font shape `T1/ntxtlf/m/n' will be
(Font)              scaled to size 7.0pt on input line 115.
LaTeX Font Info:    Font shape `T1/ntxtlf/m/it' will be
(Font)              scaled to size 7.0pt on input line 115.
LaTeX Font Info:    Font shape `T1/ntxtlf/b/n' will be
(Font)              scaled to size 7.0pt on input line 115.

Underfull \hbox (badness 10000) has occurred while \output is active
[]
 []


Overfull \vbox (4.56999pt too high) has occurred while \output is active []


Underfull \hbox (badness 10000) has occurred while \output is active
[][]
 []

LaTeX Font Info:    Trying to load font information for TS1+ntxtlf on input line 115.
(/usr/local/texlive/2021/texmf-dist/tex/latex/newtx/ts1ntxtlf.fd
File: ts1ntxtlf.fd 2015/01/18 v1.0 fd file for TS1/ntxtlf
)
LaTeX Font Info:    Font shape `TS1/ntxtlf/m/n' will be
(Font)              scaled to size 7.0pt on input line 115.

Underfull \vbox (badness 10000) has occurred while \output is active []

 [1{/usr/local/texlive/2021/texmf-var/fonts/map/pdftex/updmap/pdftex.map}

]
LaTeX Font Info:    Font shape `T1/ntxtlf/m/it' will be
(Font)              scaled to size 10.0pt on input line 173.

Underfull \vbox (badness 10000) has occurred while \output is active []

 [2
pdfTeX warning: \pdfendlink ended up in different nesting level than \pdfstartlink
]
<fig1.jpg, id=149, 965.10562pt x 654.445pt>
File: fig1.jpg Graphic file (type jpg)
<use fig1.jpg>
Package pdftex.def Info: fig1.jpg  used on input line 220.
(pdftex.def)             Requested size: 327.777pt x 222.26869pt.
LaTeX Font Info:    Font shape `T1/ntxtlf/b/it' will be
(Font)              scaled to size 10.0pt on input line 221.
 [3] [4 <./fig1.jpg>]

LaTeX Warning: Reference `schematics' on page 5 undefined on input line 295.

<Inst.jpg, id=196, 1221.81468pt x 286.82156pt>
File: Inst.jpg Graphic file (type jpg)
<use Inst.jpg>
Package pdftex.def Info: Inst.jpg  used on input line 302.
(pdftex.def)             Requested size: 409.71968pt x 96.18318pt.
<Mean_U.jpg, id=197, 1064.97874pt x 523.45563pt>
File: Mean_U.jpg Graphic file (type jpg)
<use Mean_U.jpg>
Package pdftex.def Info: Mean_U.jpg  used on input line 314.
(pdftex.def)             Requested size: 409.71968pt x 201.38327pt.
[5 <./Inst.jpg>]
<U_V_profiles.jpg, id=207, 869.2475pt x 299.61937pt>
File: U_V_profiles.jpg Graphic file (type jpg)
<use U_V_profiles.jpg>
Package pdftex.def Info: U_V_profiles.jpg  used on input line 331.
(pdftex.def)             Requested size: 409.71968pt x 141.22801pt.
<U_V_y1.jpg, id=208, 1653.67813pt x 379.91937pt>
File: U_V_y1.jpg Graphic file (type jpg)
<use U_V_y1.jpg>
Package pdftex.def Info: U_V_y1.jpg  used on input line 343.
(pdftex.def)             Requested size: 409.71968pt x 94.12743pt.
<TKE_uw.jpg, id=209, 1063.47313pt x 548.0475pt>
File: TKE_uw.jpg Graphic file (type jpg)
<use TKE_uw.jpg>
Package pdftex.def Info: TKE_uw.jpg  used on input line 353.
(pdftex.def)             Requested size: 409.71968pt x 211.13692pt.
<TKE_uv_profiles.jpg, id=210, 864.73062pt x 297.11pt>
File: TKE_uv_profiles.jpg Graphic file (type jpg)
<use TKE_uv_profiles.jpg>
Package pdftex.def Info: TKE_uv_profiles.jpg  used on input line 360.
(pdftex.def)             Requested size: 409.71968pt x 140.77509pt.
<uw.jpg, id=211, 743.77875pt x 188.705pt>
File: uw.jpg Graphic file (type jpg)
<use uw.jpg>
Package pdftex.def Info: uw.jpg  used on input line 366.
(pdftex.def)             Requested size: 409.71968pt x 103.95218pt.
<Qd.jpg, id=212, 1423.81938pt x 354.32375pt>
File: Qd.jpg Graphic file (type jpg)
<use Qd.jpg>
Package pdftex.def Info: Qd.jpg  used on input line 372.
(pdftex.def)             Requested size: 389.23244pt x 96.85812pt.
<uw_d_ly.jpg, id=213, 878.28125pt x 200.24812pt>
File: uw_d_ly.jpg Graphic file (type jpg)
<use uw_d_ly.jpg>
Package pdftex.def Info: uw_d_ly.jpg  used on input line 378.
(pdftex.def)             Requested size: 409.71968pt x 93.4169pt.
Package epstopdf Info: Source file: <rssmax.eps>
(epstopdf)                    date: 2021-07-01 12:38:05
(epstopdf)                    size: 144833 bytes
(epstopdf)             Output file: <rssmax-eps-converted-to.pdf>
(epstopdf)                    date: 2021-07-01 12:38:49
(epstopdf)                    size: 50513 bytes
(epstopdf)             Command: <repstopdf --outfile=rssmax-eps-converted-to.pdf rssmax.eps>
(epstopdf)             \includegraphics on input line 385.
Package epstopdf Info: Output file is already uptodate.
<rssmax-eps-converted-to.pdf, id=214, 301.125pt x 130.4875pt>
File: rssmax-eps-converted-to.pdf Graphic file (type pdf)
<use rssmax-eps-converted-to.pdf>
Package pdftex.def Info: rssmax-eps-converted-to.pdf  used on input line 385.
(pdftex.def)             Requested size: 200.7649pt x 87.00206pt.
Package epstopdf Info: Source file: <thickness.eps>
(epstopdf)                    date: 2021-07-01 12:38:05
(epstopdf)                    size: 83620 bytes
(epstopdf)             Output file: <thickness-eps-converted-to.pdf>
(epstopdf)                    date: 2021-07-01 12:38:49
(epstopdf)                    size: 29481 bytes
(epstopdf)             Command: <repstopdf --outfile=thickness-eps-converted-to.pdf thickness.eps>
(epstopdf)             \includegraphics on input line 386.
Package epstopdf Info: Output file is already uptodate.
<thickness-eps-converted-to.pdf, id=215, 301.125pt x 130.4875pt>
File: thickness-eps-converted-to.pdf Graphic file (type pdf)
<use thickness-eps-converted-to.pdf>
Package pdftex.def Info: thickness-eps-converted-to.pdf  used on input line 386.
(pdftex.def)             Requested size: 200.7649pt x 87.00206pt.
Package epstopdf Info: Source file: <MixingLength.eps>
(epstopdf)                    date: 2021-07-01 12:38:05
(epstopdf)                    size: 355593 bytes
(epstopdf)             Output file: <MixingLength-eps-converted-to.pdf>
(epstopdf)                    date: 2021-07-01 12:38:50
(epstopdf)                    size: 117138 bytes
(epstopdf)             Command: <repstopdf --outfile=MixingLength-eps-converted-to.pdf MixingLength.eps>
(epstopdf)             \includegraphics on input line 394.
Package epstopdf Info: Output file is already uptodate.
<MixingLength-eps-converted-to.pdf, id=216, 399.4925pt x 281.05pt>
File: MixingLength-eps-converted-to.pdf Graphic file (type pdf)
<use MixingLength-eps-converted-to.pdf>
Package pdftex.def Info: MixingLength-eps-converted-to.pdf  used on input line 394.
(pdftex.def)             Requested size: 327.777pt x 230.60829pt.
<Bending.jpg, id=217, 884.80562pt x 220.32312pt>
File: Bending.jpg Graphic file (type jpg)
<use Bending.jpg>
Package pdftex.def Info: Bending.jpg  used on input line 403.
(pdftex.def)             Requested size: 409.71968pt x 102.02559pt.


LaTeX Warning: No positions in optional float specifier.
               Default added (so using `tbp') on input line 413.

<I.jpg, id=222, 1327.96124pt x 323.2075pt>
File: I.jpg Graphic file (type jpg)
<use I.jpg>
Package pdftex.def Info: I.jpg  used on input line 414.
(pdftex.def)             Requested size: 409.71968pt x 99.71983pt.

LaTeX Warning: No positions in optional float specifier.
               Default added (so using `tbp') on input line 419.

Package epstopdf Info: Source file: <6hz_spectra.eps>
(epstopdf)                    date: 2021-07-01 12:38:05
(epstopdf)                    size: 753328 bytes
(epstopdf)             Output file: <6hz_spectra-eps-converted-to.pdf>
(epstopdf)                    date: 2021-07-01 12:38:51
(epstopdf)                    size: 199407 bytes
(epstopdf)             Command: <repstopdf --outfile=6hz_spectra-eps-converted-to.pdf 6hz_spectra.eps>
(epstopdf)             \includegraphics on input line 421.
Package epstopdf Info: Output file is already uptodate.
<6hz_spectra-eps-converted-to.pdf, id=227, 828.09375pt x 452.69125pt>
File: 6hz_spectra-eps-converted-to.pdf Graphic file (type pdf)
<use 6hz_spectra-eps-converted-to.pdf>
Package pdftex.def Info: 6hz_spectra-eps-converted-to.pdf  used on input line 421.
(pdftex.def)             Requested size: 327.777pt x 179.18753pt.
Package epstopdf Info: Source file: <9hz_spectra.eps>
(epstopdf)                    date: 2021-07-01 12:38:05
(epstopdf)                    size: 1547473 bytes
(epstopdf)             Output file: <9hz_spectra-eps-converted-to.pdf>
(epstopdf)                    date: 2021-07-01 12:38:51
(epstopdf)                    size: 404545 bytes
(epstopdf)             Command: <repstopdf --outfile=9hz_spectra-eps-converted-to.pdf 9hz_spectra.eps>
(epstopdf)             \includegraphics on input line 422.
Package epstopdf Info: Output file is already uptodate.
<9hz_spectra-eps-converted-to.pdf, id=228, 828.09375pt x 452.69125pt>
File: 9hz_spectra-eps-converted-to.pdf Graphic file (type pdf)
<use 9hz_spectra-eps-converted-to.pdf>
Package pdftex.def Info: 9hz_spectra-eps-converted-to.pdf  used on input line 422.
(pdftex.def)             Requested size: 327.777pt x 179.18753pt.
Package epstopdf Info: Source file: <12hz_spectra.eps>
(epstopdf)                    date: 2021-07-01 12:38:05
(epstopdf)                    size: 2340884 bytes
(epstopdf)             Output file: <12hz_spectra-eps-converted-to.pdf>
(epstopdf)                    date: 2021-07-01 12:38:52
(epstopdf)                    size: 609549 bytes
(epstopdf)             Command: <repstopdf --outfile=12hz_spectra-eps-converted-to.pdf 12hz_spectra.eps>
(epstopdf)             \includegraphics on input line 423.
Package epstopdf Info: Output file is already uptodate.
<12hz_spectra-eps-converted-to.pdf, id=229, 828.09375pt x 452.69125pt>
File: 12hz_spectra-eps-converted-to.pdf Graphic file (type pdf)
<use 12hz_spectra-eps-converted-to.pdf>
Package pdftex.def Info: 12hz_spectra-eps-converted-to.pdf  used on input line 423.
(pdftex.def)             Requested size: 327.777pt x 179.18753pt.

LaTeX Warning: No positions in optional float specifier.
               Default added (so using `tbp') on input line 429.

Package epstopdf Info: Source file: <spec_piv.eps>
(epstopdf)                    date: 2021-07-01 12:38:05
(epstopdf)                    size: 1051379 bytes
(epstopdf)             Output file: <spec_piv-eps-converted-to.pdf>
(epstopdf)                    date: 2021-07-01 12:38:52
(epstopdf)                    size: 382236 bytes
(epstopdf)             Command: <repstopdf --outfile=spec_piv-eps-converted-to.pdf spec_piv.eps>
(epstopdf)             \includegraphics on input line 430.
Package epstopdf Info: Output file is already uptodate.
<spec_piv-eps-converted-to.pdf, id=230, 1505.625pt x 553.06625pt>
File: spec_piv-eps-converted-to.pdf Graphic file (type pdf)
<use spec_piv-eps-converted-to.pdf>
Package pdftex.def Info: spec_piv-eps-converted-to.pdf  used on input line 430.
(pdftex.def)             Requested size: 409.71968pt x 150.50291pt.

LaTeX Warning: No positions in optional float specifier.
               Default added (so using `tbp') on input line 435.

Package epstopdf Info: Source file: <auto.eps>
(epstopdf)                    date: 2021-07-01 12:38:05
(epstopdf)                    size: 92071 bytes
(epstopdf)             Output file: <auto-eps-converted-to.pdf>
(epstopdf)                    date: 2021-07-01 12:38:53
(epstopdf)                    size: 60108 bytes
(epstopdf)             Command: <repstopdf --outfile=auto-eps-converted-to.pdf auto.eps>
(epstopdf)             \includegraphics on input line 436.
Package epstopdf Info: Output file is already uptodate.
<auto-eps-converted-to.pdf, id=231, 542.025pt x 166.6225pt>
File: auto-eps-converted-to.pdf Graphic file (type pdf)
<use auto-eps-converted-to.pdf>
Package pdftex.def Info: auto-eps-converted-to.pdf  used on input line 436.
(pdftex.def)             Requested size: 286.80252pt x 88.16711pt.
[6 <./Mean_U.jpg>] [7 <./U_V_profiles.jpg> <./U_V_y1.jpg> <./TKE_uw.jpg>] [8 <./TKE_uv_profiles.jpg> <./uw.jpg> <./Qd.jpg> <./uw_d_ly.jpg>] [9 <./rssmax-eps-converted-to.pdf> <./thickness-eps-converted-to.pdf> <./MixingLength-eps-converted-to.pdf> <./Bending.jpg>] [10 <./I.jpg>] [11 <./6hz_spectra-eps-converted-to.pdf> <./9hz_spectra-eps-converted-to.pdf> <./12hz_spectra-eps-converted-to.pdf>] [12 <./spec_piv-eps-converted-to.pdf> <./auto-eps-converted-to.pdf>]
LaTeX Font Info:    Font shape `T1/ntxtlf/m/it' will be
(Font)              scaled to size 8.0pt on input line 496.
 [13

] [14] (./FLOW_canopy.aux)

LaTeX Font Warning: Size substitutions with differences
(Font)              up to 0.5pt have occurred.


LaTeX Warning: There were undefined references.


LaTeX Warning: There were multiply-defined labels.

Package rerunfilecheck Info: File `FLOW_canopy.out' has not changed.
(rerunfilecheck)             Checksum: 1526238C772D6979D5E9123BC89AF162;1072.
 ) 
Here is how much of TeX's memory you used:
 16173 strings out of 478510
 227562 string characters out of 5849579
 576411 words of memory out of 5000000
 33723 multiletter control sequences out of 15000+600000
 487607 words of font info for 143 fonts, out of 8000000 for 9000
 1151 hyphenation exceptions out of 8191
 72i,16n,80p,1594b,582s stack positions out of 5000i,500n,10000p,200000b,80000s
{/usr/local/texlive/2021/texmf-dist/fonts/enc/dvips/newtx/ntx-ec-tlf.enc}{/usr/local/texlive/2021/texmf-dist/fonts/enc/dvips/cm-super/cm-super-t1.enc}{/usr/local/texlive/2021/texmf-dist/fonts/enc/dvips/tex-gyre/q-ts1.enc}{/usr/local/texlive/2021/texmf-dist/fonts/enc/dvips/newtx/ntx-ot1-tlf.enc}</usr/local/texlive/2021/texmf-dist/fonts/type1/public/newtx/NewTXMI.pfb></usr/local/texlive/2021/texmf-dist/fonts/type1/public/newtx/NewTXMI5.pfb></usr/local/texlive/2021/texmf-dist/fonts/type1/public/newtx/NewTXMI7.pfb></usr/local/texlive/2021/texmf-dist/fonts/type1/public/tex-gyre/qtmr.pfb></usr/local/texlive/2021/texmf-dist/fonts/type1/public/cm-super/sfrm1000.pfb></usr/local/texlive/2021/texmf-dist/fonts/type1/public/newtx/txexs.pfb></usr/local/texlive/2021/texmf-dist/fonts/type1/public/newtx/txmiaX.pfb></usr/local/texlive/2021/texmf-dist/fonts/type1/public/txfonts/txsya.pfb></usr/local/texlive/2021/texmf-dist/fonts/type1/public/txfonts/txsyc.pfb></usr/local/texlive/2021/texmf-dist/fonts/type1/public/newtx/txsys.pfb></usr/local/texlive/2021/texmf-dist/fonts/type1/public/newtx/ztmb.pfb></usr/local/texlive/2021/texmf-dist/fonts/type1/public/newtx/ztmbi.pfb></usr/local/texlive/2021/texmf-dist/fonts/type1/public/newtx/ztmr.pfb></usr/local/texlive/2021/texmf-dist/fonts/type1/public/newtx/ztmri.pfb>
Output written on FLOW_canopy.pdf (14 pages, 4080065 bytes).
PDF statistics:
 449 PDF objects out of 1000 (max. 8388607)
 342 compressed objects within 4 object streams
 84 named destinations out of 1000 (max. 500000)
 149 words of extra memory for PDF output out of 10000 (max. 10000000)

